<?xml version="1.0" encoding="UTF-8"?>
<!-- Generated by org.testng.reporters.JUnitReportReporter -->
<testsuite skipped="0" hostname="Lenovo-PC" name="com.resonantiatechnologie.amazon.pom.testcases.OnlineShopingSiteInIndiaTestCases" tests="1" failures="0" timestamp="05 Jul 2019 08:51:05 GMT" time="81.048" errors="0">
  <testcase name="verifyPageTitleTest" time="81.048" classname="com.resonantiatechnologie.amazon.pom.testcases.OnlineShopingSiteInIndiaTestCases"/>
</testsuite> <!-- com.resonantiatechnologie.amazon.pom.testcases.OnlineShopingSiteInIndiaTestCases -->
