<?xml version="1.0" encoding="UTF-8"?>
<!-- Generated by org.testng.reporters.JUnitReportReporter -->
<testsuite hostname="DESKTOP-0MRT6L9" failures="0" tests="1" name="com.resonantiatechnologie.amazon.pom.testcases.CodeTesting" time="16.741" errors="0" timestamp="25 Jan 2019 10:56:58 GMT" skipped="0">
  <testcase classname="com.resonantiatechnologie.amazon.pom.testcases.CodeTesting" name="verifyLoginTest" time="16.741"/>
</testsuite> <!-- com.resonantiatechnologie.amazon.pom.testcases.CodeTesting -->
