<?xml version="1.0" encoding="UTF-8"?>
<!-- Generated by org.testng.reporters.JUnitReportReporter -->
<testsuite hostname="DESKTOP-0MRT6L9" failures="0" tests="3" name="com.resonantiatechnologie.amazon.utility.ExcleFileReader" time="0.016" errors="0" timestamp="28 Jan 2019 09:24:42 GMT" skipped="0">
  <testcase classname="com.resonantiatechnologie.amazon.utility.ExcleFileReader" name="getData" time="0.000"/>
  <testcase classname="com.resonantiatechnologie.amazon.utility.ExcleFileReader" name="getData" time="0.016"/>
  <testcase classname="com.resonantiatechnologie.amazon.utility.ExcleFileReader" name="getData" time="0.000"/>
</testsuite> <!-- com.resonantiatechnologie.amazon.utility.ExcleFileReader -->
