<?xml version="1.0" encoding="UTF-8"?>
<!-- Generated by org.testng.reporters.JUnitReportReporter -->
<testsuite skipped="0" hostname="Lenovo-PC" name="com.resonantiatechnologie.amazon.pom.testcases.AmazonSignInTestCases" tests="1" failures="0" timestamp="05 Jul 2019 08:51:05 GMT" time="74.542" errors="0">
  <testcase name="verifyLoginTest" time="74.542" classname="com.resonantiatechnologie.amazon.pom.testcases.AmazonSignInTestCases"/>
</testsuite> <!-- com.resonantiatechnologie.amazon.pom.testcases.AmazonSignInTestCases -->
