<?xml version="1.0" encoding="UTF-8"?>
<!-- Generated by org.testng.reporters.JUnitReportReporter -->
<testsuite skipped="0" hostname="Lenovo-PC" name="Testcases.Regression.Regression" tests="1" failures="0" timestamp="12 Apr 2019 11:19:18 GMT" time="36.038" errors="0">
  <testcase name="tc_01" time="36.038" classname="Testcases.Regression.Regression"/>
</testsuite> <!-- Testcases.Regression.Regression -->
